{"uuid":"f9788184-09a7-4f0b-9078-a374877c078a","historyId":"c8c7806206981df32013b562b9f1e811","testCaseId":"[engine:junit-jupiter]/[class:com.uitestingplayground.HiddenLayers]/[method:runHiddenLayers()]","testCaseName":"runHiddenLayers()","fullName":"com.uitestingplayground.HiddenLayers.runHiddenLayers","labels":[{"name":"junit.platform.uniqueid","value":"[engine:junit-jupiter]/[class:com.uitestingplayground.HiddenLayers]/[method:runHiddenLayers()]"},{"name":"host","value":"olegdeluxe-BMH-WDX9"},{"name":"thread","value":"386255@olegdeluxe-BMH-WDX9.main(3)"},{"name":"framework","value":"junit-platform"},{"name":"language","value":"java"},{"name":"package","value":"com.uitestingplayground.HiddenLayers"},{"name":"testClass","value":"com.uitestingplayground.HiddenLayers"},{"name":"testMethod","value":"runHiddenLayers"},{"name":"suite","value":"com.uitestingplayground.HiddenLayers"}],"links":[],"name":"runHiddenLayers()","status":"failed","statusDetails":{"known":false,"muted":false,"flaky":false,"message":"Unexpected exception type thrown, expected: <org.openqa.selenium.ElementClickInterceptedException> but was: <com.codeborne.selenide.ex.InvalidStateError>","trace":"org.opentest4j.AssertionFailedError: Unexpected exception type thrown, expected: <org.openqa.selenium.ElementClickInterceptedException> but was: <com.codeborne.selenide.ex.InvalidStateError>\n\tat org.junit.jupiter.api.AssertionFailureBuilder.build(AssertionFailureBuilder.java:151)\n\tat org.junit.jupiter.api.AssertThrows.assertThrows(AssertThrows.java:67)\n\tat org.junit.jupiter.api.AssertThrows.assertThrows(AssertThrows.java:35)\n\tat org.junit.jupiter.api.Assertions.assertThrows(Assertions.java:3128)\n\tat com.uitestingplayground.HiddenLayers.runHiddenLayers(HiddenLayers.java:23)\n\tat java.base/java.lang.reflect.Method.invoke(Method.java:565)\n\tat java.base/java.util.ArrayList.forEach(ArrayList.java:1604)\n\tat java.base/java.util.ArrayList.forEach(ArrayList.java:1604)\nCaused by: Invalid element state [#greenButton]: element click intercepted: Element <button class=\"btn btn-success\" type=\"button\" id=\"green...\">Button</button> is not clickable at point (158, 440). Other element would receive the click: <button type=\"button\" class=\"btn btn-primary\" id=\"blue...\">Button</button>\nScreenshot: file:/home/olegdeluxe/autotest/uiTestPlayGround/build/reports/tests/1769728399043.0.png\nPage source: file:/home/olegdeluxe/autotest/uiTestPlayGround/build/reports/tests/1769728399043.0.html\nTimeout: 4 s.\nCaused by: ElementClickInterceptedException: element click intercepted: Element <button class=\"btn btn-success\" type=\"button\" id=\"green...\">Button</button> is not clickable at point (158, 440). Other element would receive the click: <button type=\"button\" class=\"btn btn-primary\" id=\"blue...\">Button</button>\n\tat com.codeborne.selenide.impl.ExceptionWrapper.wrap(ExceptionWrapper.java:19)\n\tat com.codeborne.selenide.impl.SelenideElementProxy.dispatchAndRetry(SelenideElementProxy.java:171)\n\tat com.codeborne.selenide.impl.SelenideElementProxy.invoke(SelenideElementProxy.java:89)\n\tat jdk.proxy1/jdk.proxy1.$Proxy10.click(Unknown Source)\n\tat com.uitestingplayground.HiddenLayers.lambda$runHiddenLayers$0(HiddenLayers.java:24)\n\tat org.junit.jupiter.api.AssertThrows.assertThrows(AssertThrows.java:53)\n\t... 6 more\nCaused by: org.openqa.selenium.ElementClickInterceptedException: element click intercepted: Element <button class=\"btn btn-success\" type=\"button\" id=\"green...\">Button</button> is not clickable at point (158, 440). Other element would receive the click: <button type=\"button\" class=\"btn btn-primary\" id=\"blue...\">Button</button>\n  (Session info: chrome=144.0.7559.59)\nBuild info: version: '4.39.0', revision: '126f156aee'\nSystem info: os.name: 'Linux', os.arch: 'amd64', os.version: '6.14.0-37-generic', java.version: '25.0.2'\nDriver info: org.openqa.selenium.chrome.ChromeDriver\nCommand: [66faf6d00371233d2a4f29926c99b5df, clickElement {id=f.00812982CA7A48B450C9F1F2C55C24E4.d.70BB8C5814BCA74064C9D44D677437DF.e.9}]\nCapabilities {acceptInsecureCerts: true, browserName: chrome, browserVersion: 144.0.7559.59, chrome: {chromedriverVersion: 144.0.7559.109 (6a8d5e49388..., userDataDir: /tmp/org.chromium.Chromium....}, fedcm:accounts: true, goog:chromeOptions: {debuggerAddress: localhost:46871}, goog:processID: 386374, networkConnectionEnabled: false, pageLoadStrategy: normal, platformName: linux, proxy: Proxy(), se:cdp: ws://localhost:46871/devtoo..., se:cdpVersion: 144.0.7559.59, setWindowRect: true, strictFileInteractability: false, timeouts: {implicit: 0, pageLoad: 300000, script: 30000}, unhandledPromptBehavior: accept, webauthn:extension:credBlob: true, webauthn:extension:largeBlob: true, webauthn:extension:minPinLength: true, webauthn:extension:prf: true, webauthn:virtualAuthenticators: true}\nElement: [[ChromeDriver: chrome on linux (66faf6d00371233d2a4f29926c99b5df)] -> css selector: #greenButton]\nSession ID: 66faf6d00371233d2a4f29926c99b5df\n\tat java.base/jdk.internal.reflect.DirectConstructorHandleAccessor.newInstance(DirectConstructorHandleAccessor.java:62)\n\tat java.base/java.lang.reflect.Constructor.newInstanceWithCaller(Constructor.java:499)\n\tat java.base/java.lang.reflect.Constructor.newInstance(Constructor.java:483)\n\tat org.openqa.selenium.remote.ErrorCodec.decode(ErrorCodec.java:167)\n\tat org.openqa.selenium.remote.codec.w3c.W3CHttpResponseCodec.decode(W3CHttpResponseCodec.java:142)\n\tat org.openqa.selenium.remote.codec.w3c.W3CHttpResponseCodec.decode(W3CHttpResponseCodec.java:49)\n\tat org.openqa.selenium.remote.HttpCommandExecutor.execute(HttpCommandExecutor.java:215)\n\tat org.openqa.selenium.remote.service.DriverCommandExecutor.invokeExecute(DriverCommandExecutor.java:216)\n\tat org.openqa.selenium.remote.service.DriverCommandExecutor.execute(DriverCommandExecutor.java:174)\n\tat org.openqa.selenium.remote.RemoteWebDriver.execute(RemoteWebDriver.java:561)\n\tat org.openqa.selenium.remote.RemoteWebElement.execute(RemoteWebElement.java:223)\n\tat org.openqa.selenium.remote.RemoteWebElement.click(RemoteWebElement.java:76)\n\tat com.codeborne.selenide.commands.Click.defaultClick(Click.java:105)\n\tat com.codeborne.selenide.commands.Click.doClick(Click.java:83)\n\tat com.codeborne.selenide.commands.Click.click(Click.java:59)\n\tat com.codeborne.selenide.commands.Click.execute(Click.java:39)\n\tat com.codeborne.selenide.FluentCommand.execute(FluentCommand.java:27)\n\tat com.codeborne.selenide.FluentCommand.execute(FluentCommand.java:19)\n\tat com.codeborne.selenide.commands.Commands.execute(Commands.java:161)\n\tat com.codeborne.selenide.impl.SelenideElementProxy.dispatchAndRetry(SelenideElementProxy.java:137)\n\t... 10 more\n"},"stage":"finished","description":"","steps":[],"attachments":[],"parameters":[],"start":1769728389478,"stop":1769728399400}